<?xml version="1.0" encoding="UTF-8"?>
<testng-results skipped="0" failed="0" ignored="0" total="2" passed="2">
  <reporter-output>
  </reporter-output>
  <suite name="Test - suite" duration-ms="20849" started-at="2018-06-20T15:51:41Z" finished-at="2018-06-20T15:52:02Z">
    <groups>
    </groups>
    <test name="Tools QA" duration-ms="20849" started-at="2018-06-20T15:51:41Z" finished-at="2018-06-20T15:52:02Z">
      <class name="automationFramework.TestNG2">
        <test-method status="PASS" signature="beforeMethod()[pri:0, instance:automationFramework.TestNG2@29ee9faa]" name="beforeMethod" is-config="true" duration-ms="8097" started-at="2018-06-20T15:51:52Z" finished-at="2018-06-20T15:52:00Z">
          <reporter-output>
          </reporter-output>
        </test-method> <!-- beforeMethod -->
        <test-method status="PASS" signature="f()[pri:0, instance:automationFramework.TestNG2@29ee9faa]" name="f" duration-ms="1935" started-at="2018-06-20T15:52:00Z" finished-at="2018-06-20T15:52:02Z">
          <reporter-output>
          </reporter-output>
        </test-method> <!-- f -->
        <test-method status="PASS" signature="afterMethod()[pri:0, instance:automationFramework.TestNG2@29ee9faa]" name="afterMethod" is-config="true" duration-ms="165" started-at="2018-06-20T15:52:02Z" finished-at="2018-06-20T15:52:02Z">
          <reporter-output>
          </reporter-output>
        </test-method> <!-- afterMethod -->
      </class> <!-- automationFramework.TestNG2 -->
      <class name="automationFramework.TestNG">
        <test-method status="PASS" signature="beforeMethod()[pri:0, instance:automationFramework.TestNG@6767c1fc]" name="beforeMethod" is-config="true" duration-ms="7834" started-at="2018-06-20T15:51:41Z" finished-at="2018-06-20T15:51:49Z">
          <reporter-output>
          </reporter-output>
        </test-method> <!-- beforeMethod -->
        <test-method status="PASS" signature="f()[pri:0, instance:automationFramework.TestNG@6767c1fc]" name="f" duration-ms="1997" started-at="2018-06-20T15:51:49Z" finished-at="2018-06-20T15:51:51Z">
          <reporter-output>
          </reporter-output>
        </test-method> <!-- f -->
        <test-method status="PASS" signature="afterMethod()[pri:0, instance:automationFramework.TestNG@6767c1fc]" name="afterMethod" is-config="true" duration-ms="795" started-at="2018-06-20T15:51:51Z" finished-at="2018-06-20T15:51:52Z">
          <reporter-output>
          </reporter-output>
        </test-method> <!-- afterMethod -->
      </class> <!-- automationFramework.TestNG -->
    </test> <!-- Tools QA -->
  </suite> <!-- Test - suite -->
</testng-results>
